Removed Pin From Net: NetName=BEEP Pin=U6-12
Removed Pin From Net: NetName=RL4 Pin=U6-13
Removed Pin From Net: NetName=RL2 Pin=U6-15
Removed Pin From Net: NetName=RL1 Pin=U6-16
Added Pin To Net: NetName=RL1 Pin=U6-12
Added Pin To Net: NetName=RL2 Pin=U6-13
Added Pin To Net: NetName=RL4 Pin=U6-15
Added Pin To Net: NetName=BEEP Pin=U6-16
Change Net Name : Old Net Name=NetU5_3 New Net Name=Q3
Added Pin To Net: NetName=Q0 Pin=U5-15
Added Pin To Net: NetName=Q0 Pin=U6-7
Added Net: Name=Q0
Added Pin To Net: NetName=Q1 Pin=U5-1
Added Pin To Net: NetName=Q1 Pin=U6-6
Added Net: Name=Q1
Added Pin To Net: NetName=Q2 Pin=U5-2
Added Pin To Net: NetName=Q2 Pin=U6-5
Added Net: Name=Q2
Added Pin To Net: NetName=Q4 Pin=U5-4
Added Pin To Net: NetName=Q4 Pin=U6-3
Added Net: Name=Q4
Added Pin To Net: NetName=Q5 Pin=U5-5
Added Pin To Net: NetName=Q5 Pin=U6-2
Added Net: Name=Q5
Added Pin To Net: NetName=Q6 Pin=U5-6
Added Pin To Net: NetName=Q6 Pin=U6-1
Added Net: Name=Q6
