Removed Pin From Net: NetName=COM1 Pin=JP1-1
Removed Pin From Net: NetName=OUT1 Pin=JP1-2
Removed Pin From Net: NetName=COM2 Pin=JP2-1
Removed Pin From Net: NetName=OUT2 Pin=JP2-2
Removed Pin From Net: NetName=COM3 Pin=JP3-1
Removed Pin From Net: NetName=OUT3 Pin=JP3-2
Removed Pin From Net: NetName=COM4 Pin=JP4-1
Removed Pin From Net: NetName=OUT4 Pin=JP4-2
Removed Member From Class: ClassName=4Line Output Member=JP1
Removed Member From Class: ClassName=4Line Output Member=JP2
Removed Member From Class: ClassName=4Line Output Member=JP3
Removed Member From Class: ClassName=4Line Output Member=JP4
Added Component: Designator=12V - OUT(Con 2 KF301 5.08)
Add component (AddParameter): Name = "Chung_Loai"; Value = "C?m"; VariantName = "[No Variations]"
Add component (AddParameter): Name = "Don_Vi"; Value = "Con"; VariantName = "[No Variations]"
Add component (AddParameter): Name = "Ghi_Chu"; Value = ""; VariantName = "[No Variations]"
Add component (AddParameter): Name = "Kieu_Chan"; Value = ""; VariantName = "[No Variations]"
Add component (AddParameter): Name = "Ma_Hang"; Value = "MH000987"; VariantName = "[No Variations]"
Add component (AddParameter): Name = "Ten_Linh_Kien"; Value = "CON 2 KF301-2P 5.08MM Xanh Duong"; VariantName = "[No Variations]"
Added Component: Designator=12V IN(Con 2 KF301 5.08)
Add component (AddParameter): Name = "Chung_Loai"; Value = "C?m"; VariantName = "[No Variations]"
Add component (AddParameter): Name = "Don_Vi"; Value = "Con"; VariantName = "[No Variations]"
Add component (AddParameter): Name = "Ghi_Chu"; Value = ""; VariantName = "[No Variations]"
Add component (AddParameter): Name = "Kieu_Chan"; Value = ""; VariantName = "[No Variations]"
Add component (AddParameter): Name = "Ma_Hang"; Value = "MH000987"; VariantName = "[No Variations]"
Add component (AddParameter): Name = "Ten_Linh_Kien"; Value = "CON 2 KF301-2P 5.08MM Xanh Duong"; VariantName = "[No Variations]"
Added Component: Designator=OUT1(Con 2 KF301 5.08)
Add component (AddParameter): Name = "Chung_Loai"; Value = "C?m"; VariantName = "[No Variations]"
Add component (AddParameter): Name = "Don_Vi"; Value = "Con"; VariantName = "[No Variations]"
Add component (AddParameter): Name = "Ghi_Chu"; Value = ""; VariantName = "[No Variations]"
Add component (AddParameter): Name = "Kieu_Chan"; Value = ""; VariantName = "[No Variations]"
Add component (AddParameter): Name = "Ma_Hang"; Value = "MH000987"; VariantName = "[No Variations]"
Add component (AddParameter): Name = "Ten_Linh_Kien"; Value = "CON 2 KF301-2P 5.08MM Xanh Duong"; VariantName = "[No Variations]"
Added Component: Designator=OUT2(Con 2 KF301 5.08)
Add component (AddParameter): Name = "Chung_Loai"; Value = "C?m"; VariantName = "[No Variations]"
Add component (AddParameter): Name = "Don_Vi"; Value = "Con"; VariantName = "[No Variations]"
Add component (AddParameter): Name = "Ghi_Chu"; Value = ""; VariantName = "[No Variations]"
Add component (AddParameter): Name = "Kieu_Chan"; Value = ""; VariantName = "[No Variations]"
Add component (AddParameter): Name = "Ma_Hang"; Value = "MH000987"; VariantName = "[No Variations]"
Add component (AddParameter): Name = "Ten_Linh_Kien"; Value = "CON 2 KF301-2P 5.08MM Xanh Duong"; VariantName = "[No Variations]"
Added Component: Designator=OUT3(Con 2 KF301 5.08)
Add component (AddParameter): Name = "Chung_Loai"; Value = "C?m"; VariantName = "[No Variations]"
Add component (AddParameter): Name = "Don_Vi"; Value = "Con"; VariantName = "[No Variations]"
Add component (AddParameter): Name = "Ghi_Chu"; Value = ""; VariantName = "[No Variations]"
Add component (AddParameter): Name = "Kieu_Chan"; Value = ""; VariantName = "[No Variations]"
Add component (AddParameter): Name = "Ma_Hang"; Value = "MH000987"; VariantName = "[No Variations]"
Add component (AddParameter): Name = "Ten_Linh_Kien"; Value = "CON 2 KF301-2P 5.08MM Xanh Duong"; VariantName = "[No Variations]"
Added Component: Designator=OUT4(Con 2 KF301 5.08)
Add component (AddParameter): Name = "Chung_Loai"; Value = "C?m"; VariantName = "[No Variations]"
Add component (AddParameter): Name = "Don_Vi"; Value = "Con"; VariantName = "[No Variations]"
Add component (AddParameter): Name = "Ghi_Chu"; Value = ""; VariantName = "[No Variations]"
Add component (AddParameter): Name = "Kieu_Chan"; Value = ""; VariantName = "[No Variations]"
Add component (AddParameter): Name = "Ma_Hang"; Value = "MH000987"; VariantName = "[No Variations]"
Add component (AddParameter): Name = "Ten_Linh_Kien"; Value = "CON 2 KF301-2P 5.08MM Xanh Duong"; VariantName = "[No Variations]"
Added Pin To Net: NetName=12V Pin=12V - OUT-1
Added Pin To Net: NetName=GND Pin=12V - OUT-2
Added Pin To Net: NetName=12V Pin=12V IN-1
Added Pin To Net: NetName=GND Pin=12V IN-2
Added Pin To Net: NetName=OUT1 Pin=OUT1-1
Added Pin To Net: NetName=COM1 Pin=OUT1-2
Added Pin To Net: NetName=OUT2 Pin=OUT2-1
Added Pin To Net: NetName=COM2 Pin=OUT2-2
Added Pin To Net: NetName=OUT3 Pin=OUT3-1
Added Pin To Net: NetName=COM3 Pin=OUT3-2
Added Pin To Net: NetName=OUT4 Pin=OUT4-1
Added Pin To Net: NetName=COM4 Pin=OUT4-2
Added Member To Class: ClassName=4Line Output Member=Component 12V - OUT CON 2 KF301
Added Member To Class: ClassName=4Line Output Member=Component 12V IN CON 2 KF301
Added Member To Class: ClassName=4Line Output Member=Component OUT1 CON 2 KF301
Added Member To Class: ClassName=4Line Output Member=Component OUT2 CON 2 KF301
Added Member To Class: ClassName=4Line Output Member=Component OUT3 CON 2 KF301
Added Member To Class: ClassName=4Line Output Member=Component OUT4 CON 2 KF301
