Removed Pin From Net: NetName=NetR46_2 Pin=U2-1
Removed Pin From Net: NetName=IN1 Pin=U2-2
Removed Pin From Net: NetName=IN2 Pin=U2-3
Removed Pin From Net: NetName=IN3 Pin=U2-4
Removed Pin From Net: NetName=IN4 Pin=U2-5
Removed Pin From Net: NetName=IN5 Pin=U2-6
Removed Pin From Net: NetName=IN6 Pin=U2-7
Removed Pin From Net: NetName=IN7 Pin=U2-8
Removed Pin From Net: NetName=IN8 Pin=U2-9
Removed Pin From Net: NetName=S0 Pin=U2-10
Removed Pin From Net: NetName=S1 Pin=U2-11
Removed Pin From Net: NetName=GND Pin=U2-12
Removed Pin From Net: NetName=S3 Pin=U2-13
Removed Pin From Net: NetName=S2 Pin=U2-14
Removed Pin From Net: NetName=GND Pin=U2-15
Removed Pin From Net: NetName=3.3V Pin=U2-24
Removed Member From Class: ClassName=16_Line_sensor Member=U2
Added Component: Designator=U?(D0016A_L)
Add component (AddParameter): Name = "Bandwidth(Max)(MHz)"; Value = "20"; VariantName = "[No Variations]"
Add component (AddParameter): Name = "Code_JEDEC"; Value = "MS-012 variation AC"; VariantName = "[No Variations]"
Add component (AddParameter): Name = "Configuration"; Value = "1 X 1:8 MUX"; VariantName = "[No Variations]"
Add component (AddParameter): Name = "Crosstalk"; Value = "Yes"; VariantName = "[No Variations]"
Add component (AddParameter): Name = "DatasheetVersion"; Value = "SCHS047G"; VariantName = "[No Variations]"
Add component (AddParameter): Name = "Generic Part Number"; Value = "CD4051B"; VariantName = "[No Variations]"
Add component (AddParameter): Name = "ICC(Typ)(mA)"; Value = "0.00008"; VariantName = "[No Variations]"
Add component (AddParameter): Name = "Manufacturer"; Value = "Texas Instruments"; VariantName = "[No Variations]"
Add component (AddParameter): Name = "Operating Temperature Range(C)"; Value = "-55 to 125"; VariantName = "[No Variations]"
Add component (AddParameter): Name = "Output Drive (IOL/IOH)(Max)(mA)"; Value = "1"; VariantName = "[No Variations]"
Add component (AddParameter): Name = "Output Type"; Value = "CMOS"; VariantName = "[No Variations]"
Add component (AddParameter): Name = "PackageReference"; Value = "D0016A"; VariantName = "[No Variations]"
Add component (AddParameter): Name = "PackageVersion"; Value = "http://www.ti.com/lit/ml/mpds178g/mpds178g.pdf"; VariantName = "[No Variations]"
Add component (AddParameter): Name = "Rating"; Value = "Military"; VariantName = "[No Variations]"
Add component (AddParameter): Name = "Ron(Max)(Ohms)"; Value = "240"; VariantName = "[No Variations]"
Add component (AddParameter): Name = "Ron(Typ)(Ohms)"; Value = "125"; VariantName = "[No Variations]"
Add component (AddParameter): Name = "VCC(Max)(V)"; Value = "18"; VariantName = "[No Variations]"
Add component (AddParameter): Name = "VCC(Min)(V)"; Value = "5"; VariantName = "[No Variations]"
Added Pin To Net: NetName=IN1 Pin=U?-1
Added Pin To Net: NetName=IN2 Pin=U?-2
Added Pin To Net: NetName=NetR46_2 Pin=U?-3
Added Pin To Net: NetName=IN3 Pin=U?-4
Added Pin To Net: NetName=IN4 Pin=U?-5
Added Pin To Net: NetName=GND Pin=U?-6
Added Pin To Net: NetName=GND Pin=U?-7
Added Pin To Net: NetName=GND Pin=U?-8
Added Pin To Net: NetName=S2 Pin=U?-9
Added Pin To Net: NetName=S1 Pin=U?-10
Added Pin To Net: NetName=S0 Pin=U?-11
Added Pin To Net: NetName=IN5 Pin=U?-12
Added Pin To Net: NetName=IN6 Pin=U?-13
Added Pin To Net: NetName=IN7 Pin=U?-14
Added Pin To Net: NetName=IN8 Pin=U?-15
Added Pin To Net: NetName=3.3V Pin=U?-16
Added Member To Class: ClassName=16_Line_sensor Member=Component U? CD4051BM96
Added Room: Name=4Line Output
Added Room: Name=16_Line_sensor
Added Room: Name=Center
Added Room: Name=Connect_Input_output
Added Room: Name=Power
