Removed Pin From Net: NetName=LAT_PIN Pin=MD1-6
Removed Pin From Net: NetName=DATA_PIN Pin=MD1-8
Removed Pin From Net: NetName=CLK_PIN Pin=MD1-9
Removed Pin From Net: NetName=LED_WIFI Pin=MD1-13
Removed Pin From Net: NetName=LED_RED Pin=MD1-16
Removed Pin From Net: NetName=LED_GREEN Pin=MD1-23
Removed Pin From Net: NetName=Wf_CONFIG Pin=MD1-26
Removed Member From Class: ClassName=16_Line_sensor Member=C22
Removed Member From Class: ClassName=16_Line_sensor Member=C23
Removed Member From Class: ClassName=Connect_Input_output Member=LED_G
Removed Member From Class: ClassName=Connect_Input_output Member=LED_R
Removed Member From Class: ClassName=Connect_Input_output Member=LED_WF
Added Pin To Net: NetName=LED_RED Pin=MD1-6
Added Pin To Net: NetName=LED_WIFI Pin=MD1-7
Added Pin To Net: NetName=Wf_CONFIG Pin=MD1-8
Added Member To Class: ClassName=Center Member=Component C3 104
Added Member To Class: ClassName=Center Member=Component C4 104
Added Member To Class: ClassName=16_Line_sensor Member=Component C6 104
Added Member To Class: ClassName=16_Line_sensor Member=Component C7 104
Added Member To Class: ClassName=16_Line_sensor Member=Component C8 104
Added Member To Class: ClassName=16_Line_sensor Member=Component C9 104
Added Member To Class: ClassName=16_Line_sensor Member=Component C10 104
Added Member To Class: ClassName=16_Line_sensor Member=Component C11 104
Added Member To Class: ClassName=16_Line_sensor Member=Component C12 104
Added Member To Class: ClassName=16_Line_sensor Member=Component C13 104
Added Member To Class: ClassName=16_Line_sensor Member=Component C14 104
Added Member To Class: ClassName=16_Line_sensor Member=Component C15 106
Added Member To Class: ClassName=16_Line_sensor Member=Component C16 104
Added Member To Class: ClassName=16_Line_sensor Member=Component C17 106
Added Member To Class: ClassName=Power Member=Component C25 104
Added Member To Class: ClassName=Power Member=Component C26 226
Added Member To Class: ClassName=Center Member=Component J1 USB_TTL
Added Member To Class: ClassName=Connect_Input_output Member=Component LED1 LED
Added Member To Class: ClassName=Connect_Input_output Member=Component LED2 LED
Added Member To Class: ClassName=Connect_Input_output Member=Component LED3 LED
Added Member To Class: ClassName=Center Member=Component R4 1R
Added Member To Class: ClassName=Center Member=Component R5 1R
Added Member To Class: ClassName=16_Line_sensor Member=Component R6 100K
Added Member To Class: ClassName=16_Line_sensor Member=Component R7 33K
Added Member To Class: ClassName=16_Line_sensor Member=Component R8 10K
Added Member To Class: ClassName=16_Line_sensor Member=Component R9 1K
Added Member To Class: ClassName=16_Line_sensor Member=Component R10 100K
Added Member To Class: ClassName=16_Line_sensor Member=Component R11 33K
Added Member To Class: ClassName=16_Line_sensor Member=Component R12 10K
Added Member To Class: ClassName=16_Line_sensor Member=Component R13 1K
Added Member To Class: ClassName=16_Line_sensor Member=Component R14 100K
Added Member To Class: ClassName=16_Line_sensor Member=Component R15 33K
Added Member To Class: ClassName=16_Line_sensor Member=Component R16 10K
Added Member To Class: ClassName=16_Line_sensor Member=Component R17 1K
Added Member To Class: ClassName=16_Line_sensor Member=Component R18 100K
Added Member To Class: ClassName=16_Line_sensor Member=Component R19 33K
Added Member To Class: ClassName=16_Line_sensor Member=Component R22 100K
Added Member To Class: ClassName=16_Line_sensor Member=Component R23 33K
Added Member To Class: ClassName=16_Line_sensor Member=Component R24 10K
Added Member To Class: ClassName=16_Line_sensor Member=Component R26 1K
Added Member To Class: ClassName=16_Line_sensor Member=Component R27 100K
Added Member To Class: ClassName=16_Line_sensor Member=Component R28 33K
Added Member To Class: ClassName=16_Line_sensor Member=Component R29 10K
Added Member To Class: ClassName=16_Line_sensor Member=Component R30 1K
Added Member To Class: ClassName=16_Line_sensor Member=Component R31 100K
Added Member To Class: ClassName=16_Line_sensor Member=Component R32 33K
Added Member To Class: ClassName=16_Line_sensor Member=Component R33 10K
Added Member To Class: ClassName=16_Line_sensor Member=Component R34 1K
Added Member To Class: ClassName=16_Line_sensor Member=Component R35 100K
Added Member To Class: ClassName=16_Line_sensor Member=Component R36 33K
Added Member To Class: ClassName=16_Line_sensor Member=Component R37 10K
Added Member To Class: ClassName=16_Line_sensor Member=Component R38 1K
Added Member To Class: ClassName=16_Line_sensor Member=Component R39 1k
Added Member To Class: ClassName=16_Line_sensor Member=Component R40 2.2k
Added Member To Class: ClassName=16_Line_sensor Member=Component R41 2.2k
Added Member To Class: ClassName=16_Line_sensor Member=Component R42 4.7k
Added Member To Class: ClassName=16_Line_sensor Member=Component R43 1k
Added Member To Class: ClassName=16_Line_sensor Member=Component R44 4.7k
Added Member To Class: ClassName=16_Line_sensor Member=Component R45 1k
Added Member To Class: ClassName=16_Line_sensor Member=Component R46 1k
Added Member To Class: ClassName=4Line Output Member=Component R47 2.2k
Added Member To Class: ClassName=Connect_Input_output Member=Component R48 2.2k
Added Member To Class: ClassName=Connect_Input_output Member=Component R49 2.2k
Added Member To Class: ClassName=Connect_Input_output Member=Component R50 2.2k
Added Member To Class: ClassName=Connect_Input_output Member=Component R51 2.2k
Added Member To Class: ClassName=Connect_Input_output Member=Component R52 2.2k
Added Member To Class: ClassName=Connect_Input_output Member=Component R53 2.2k
Added Member To Class: ClassName=Connect_Input_output Member=Component R54 2.2k
Added Member To Class: ClassName=Center Member=Component SW2 PTS645SM43SMTR92LFS
Added Room: Name=Center
