Removed Pin From Net: NetName=LINE1 Pin=R9-1
Removed Pin From Net: NetName=LINE1 Pin=R10-2
Removed Pin From Net: NetName=IN1 Pin=R12-2
Removed Pin From Net: NetName=LINE1 Pin=R13-1
Removed Pin From Net: NetName=LINE1 Pin=R14-2
Removed Pin From Net: NetName=IN1 Pin=R16-2
Removed Pin From Net: NetName=LINE1 Pin=R17-1
Removed Pin From Net: NetName=LINE1 Pin=R18-2
Removed Pin From Net: NetName=IN1 Pin=R20-2
Removed Pin From Net: NetName=LINE1 Pin=R21-1
Removed Pin From Net: NetName=LINE1 Pin=R22-2
Removed Pin From Net: NetName=IN1 Pin=R24-2
Removed Pin From Net: NetName=LINE1 Pin=R26-1
Removed Pin From Net: NetName=LINE1 Pin=R27-2
Removed Pin From Net: NetName=IN1 Pin=R29-2
Removed Pin From Net: NetName=LINE1 Pin=R30-1
Removed Pin From Net: NetName=LINE1 Pin=R31-2
Removed Pin From Net: NetName=IN1 Pin=R33-2
Removed Pin From Net: NetName=LINE1 Pin=R34-1
Removed Pin From Net: NetName=LINE1 Pin=R35-2
Removed Pin From Net: NetName=IN1 Pin=R37-2
Added Pin To Net: NetName=LINE2 Pin=R9-1
Added Pin To Net: NetName=LINE2 Pin=R10-2
Added Pin To Net: NetName=IN2 Pin=R12-2
Added Pin To Net: NetName=LINE3 Pin=R13-1
Added Pin To Net: NetName=LINE3 Pin=R14-2
Added Pin To Net: NetName=IN3 Pin=R16-2
Added Pin To Net: NetName=LINE4 Pin=R17-1
Added Pin To Net: NetName=LINE4 Pin=R18-2
Added Pin To Net: NetName=IN4 Pin=R20-2
Added Pin To Net: NetName=LINE5 Pin=R21-1
Added Pin To Net: NetName=LINE5 Pin=R22-2
Added Pin To Net: NetName=IN5 Pin=R24-2
Added Pin To Net: NetName=LINE6 Pin=R26-1
Added Pin To Net: NetName=LINE6 Pin=R27-2
Added Pin To Net: NetName=IN6 Pin=R29-2
Added Pin To Net: NetName=LINE7 Pin=R30-1
Added Pin To Net: NetName=LINE7 Pin=R31-2
Added Pin To Net: NetName=IN7 Pin=R33-2
Added Pin To Net: NetName=LINE8 Pin=R34-1
Added Pin To Net: NetName=LINE8 Pin=R35-2
Added Pin To Net: NetName=IN8 Pin=R37-2
Added Room: Name=Center
